make all --print-data-base --no-builtin-variables --no-builtin-rules --question
# GNU Make 4.3
# Built for x86_64-pc-linux-gnu
# Copyright (C) 1988-2020 Free Software Foundation, Inc.
# License GPLv3+: GNU GPL version 3 or later <http://gnu.org/licenses/gpl.html>
# This is free software: you are free to change and redistribute it.
# There is NO WARRANTY, to the extent permitted by law.

# Make data base, printed on Sat Oct  9 09:41:29 2021

# Variables

# environment
LC_ALL = C
# environment
VSCODE_INJECT_NODE_MODULE_LOOKUP_PATH = /home/jingw/.vscode-server/bin/7f6ab5485bbc008386c4386d08766667e155244e/remote/node_modules
# environment
VSCODE_CWD = /home/jingw
# default
MAKE_COMMAND := make
# automatic
@D = $(patsubst %/,%,$(dir $@))
# environment
VSCODE_HANDLES_UNCAUGHT_ERRORS = true
# default
.VARIABLES := 
# environment
PWD = /home/jingw/works/CSAPP-3e/ch11/h6
# automatic
%D = $(patsubst %/,%,$(dir $%))
# automatic
^D = $(patsubst %/,%,$(dir $^))
# environment
VSCODE_LOG_STACK = false
# automatic
%F = $(notdir $%)
# environment
LANG = C
# default
.LOADED := 
# default
.INCLUDE_DIRS = /usr/local/include /usr/include /usr/include
# makefile
MAKEFLAGS = pqrR
# makefile
CURDIR := /home/jingw/works/CSAPP-3e/ch11/h6
# environment
VSCODE_PIPE_LOGGING = true
# environment
APPLICATION_INSIGHTS_NO_DIAGNOSTIC_CHANNEL = true
# automatic
*D = $(patsubst %/,%,$(dir $*))
# environment
MFLAGS = -pqrR
# environment
SSH_AUTH_SOCK = /run/user/1000/vscode-ssh-auth-sock-12409756
# default
.SHELLFLAGS := -c
# automatic
+D = $(patsubst %/,%,$(dir $+))
# makefile (from 'Makefile', line 1)
MAKEFILE_LIST := Makefile
# automatic
@F = $(notdir $@)
# environment
VSCODE_VERBOSE_LOGGING = true
# environment
XDG_SESSION_TYPE = tty
# automatic
?D = $(patsubst %/,%,$(dir $?))
# automatic
*F = $(notdir $*)
# makefile (from 'Makefile', line 6)
LIB = -lpthread
# automatic
<D = $(patsubst %/,%,$(dir $<))
# environment
VSCODE_NLS_CONFIG = {"locale":"en","availableLanguages":{}}
# default
MAKE_HOST := x86_64-pc-linux-gnu
# makefile
SHELL = /bin/sh
# default
MAKECMDGOALS := all
# environment
SHLVL = 0
# environment
MAKELEVEL := 0
# default
MAKE = $(MAKE_COMMAND)
# environment
PATH = /home/jingw/.vscode-server/bin/7f6ab5485bbc008386c4386d08766667e155244e/bin:/home/jingw/.local/bin:/usr/local/bin:/usr/bin:/bin:/usr/local/games:/usr/games:/home/jingw/.local/bin
# default
MAKEFILES := 
# environment
LANGUAGE = en_HK:en
# environment
MOTD_SHOWN = pam
# automatic
^F = $(notdir $^)
# environment
SSH_CLIENT = 192.168.1.6 8359 22
# environment
VSCODE_LOG_NATIVE = false
# automatic
?F = $(notdir $?)
# environment
LS_COLORS = 
# automatic
+F = $(notdir $+)
# 'override' directive
GNUMAKEFLAGS := 
# environment
BROWSER = /home/jingw/.vscode-server/bin/7f6ab5485bbc008386c4386d08766667e155244e/bin/helpers/browser.sh
# environment
LOGNAME = jingw
# makefile
.DEFAULT_GOAL := all
# environment
USER = jingw
# default
MAKE_VERSION := 4.3
# environment
VSCODE_EXTHOST_WILL_SEND_SOCKET = true
# environment
VSCODE_AGENT_FOLDER = /home/jingw/.vscode-server
# environment
_ = /home/jingw/.vscode-server/bin/7f6ab5485bbc008386c4386d08766667e155244e/node
# environment
XDG_RUNTIME_DIR = /run/user/1000
# makefile (from 'Makefile', line 2)
CFLAGS = -O2 -Wall -I .
# environment
VSCODE_IPC_HOOK_CLI = /run/user/1000/vscode-ipc-b47b018b-b2ec-4c73-b711-c36d9fd33a19.sock
# environment
XDG_SESSION_CLASS = user
# environment
VSCODE_AMD_ENTRYPOINT = vs/server/remoteExtensionHostProcess
# environment
HOME = /home/jingw
# environment
XDG_SESSION_ID = 757
# default
.RECIPEPREFIX := 
# automatic
<F = $(notdir $<)
# default
SUFFIXES := 
# default
.FEATURES := target-specific order-only second-expansion else-if shortest-stem undefine oneshell nocomment grouped-target extra-prereqs archives jobserver output-sync check-symlink load
# makefile (from 'Makefile', line 1)
CC = gcc
# environment
SSH_CONNECTION = 192.168.1.6 8359 192.168.1.12 22
# variable set hash-table stats:
# Load=71/1024=7%, Rehash=0, Collisions=3/104=3%

# Pattern-specific Variable Values

# No pattern-specific variable values.

# Directories

# . (device 65024, inode 7080249): 15 files, no impossibilities.

# 15 files, no impossibilities in 1 directories.

# Implicit Rules

# No implicit rules.

# Files

# Not a target:
tiny.c:
#  Implicit rule search has been done.
#  Last modified 2019-11-14 05:12:13
#  File has been updated.
#  Successfully updated.

csapp.o: csapp.c
#  Implicit rule search has not been done.
#  Last modified 2021-10-09 09:04:47.01454364
#  File has been updated.
#  Successfully updated.
#  recipe to execute (from 'Makefile', line 14):
	$(CC) $(CFLAGS) -c csapp.c

cgi:
#  Implicit rule search has not been done.
#  Implicit/static pattern stem: ''
#  File does not exist.
#  File has been updated.
#  Needs to be updated (-q is set).
# automatic
# @ := cgi
# automatic
# * := 
# automatic
# < := 
# automatic
# + := 
# automatic
# % := 
# automatic
# ^ := 
# automatic
# ? := 
# automatic
# | := 
# variable set hash-table stats:
# Load=8/32=25%, Rehash=0, Collisions=1/11=9%
#  recipe to execute (from 'Makefile', line 17):
	(cd cgi-bin; make)

# Not a target:
Makefile:
#  Implicit rule search has been done.
#  Last modified 2021-10-09 09:40:49.319746508
#  File has been updated.
#  Successfully updated.

clean:
#  Implicit rule search has not been done.
#  Modification time never checked.
#  File has not been updated.
#  recipe to execute (from 'Makefile', line 20):
	rm -f *.o tiny *~
	(cd cgi-bin; make clean)

# Not a target:
csapp.c:
#  Implicit rule search has been done.
#  Last modified 2019-11-14 02:49:20
#  File has been updated.
#  Successfully updated.

# Not a target:
.DEFAULT:
#  Implicit rule search has not been done.
#  Modification time never checked.
#  File has not been updated.

all: tiny cgi
#  Command line target.
#  Implicit rule search has been done.
#  File does not exist.
#  File has been updated.
#  Needs to be updated (-q is set).
# variable set hash-table stats:
# Load=0/32=0%, Rehash=0, Collisions=0/3=0%

tiny: tiny.c csapp.o
#  Implicit rule search has not been done.
#  Last modified 2021-10-09 09:04:47.130543669
#  File has been updated.
#  Successfully updated.
#  recipe to execute (from 'Makefile', line 11):
	$(CC) $(CFLAGS) -Og -g -o tiny tiny.c csapp.o $(LIB)

# Not a target:
.SUFFIXES:
#  Implicit rule search has not been done.
#  Modification time never checked.
#  File has not been updated.

# files hash-table stats:
# Load=10/1024=1%, Rehash=0, Collisions=0/30=0%
# VPATH Search Paths

# No 'vpath' search paths.

# No general ('VPATH' variable) search path.

# strcache buffers: 1 (0) / strings = 22 / storage = 192 B / avg = 8 B
# current buf: size = 8162 B / used = 192 B / count = 22 / avg = 8 B

# strcache performance: lookups = 40 / hit rate = 45%
# hash-table stats:
# Load=22/8192=0%, Rehash=0, Collisions=0/40=0%
# Finished Make data base on Sat Oct  9 09:41:29 2021

 
